2025-11-24 00:25:05.246 [background-preinit] INFO  o.h.validator.internal.util.Version - HV000001: Hibernate Validator 8.0.3.Final
2025-11-24 00:25:05.349 [main] INFO  c.e.toyproject.ToyprojectApplication - Starting ToyprojectApplication using Java 17.0.14 with PID 26584 (C:\Users\ccmedia\Desktop\Spring Boot\toyproject\toyproject\out\production\classes started by ccmedia in C:\Users\ccmedia\Desktop\Spring Boot\toyproject\toyproject)
2025-11-24 00:25:05.350 [main] INFO  c.e.toyproject.ToyprojectApplication - The following 1 profile is active: "dev"
2025-11-24 00:25:06.213 [main] INFO  o.s.d.r.c.RepositoryConfigurationDelegate - Bootstrapping Spring Data JPA repositories in DEFAULT mode.
2025-11-24 00:25:06.330 [main] INFO  o.s.d.r.c.RepositoryConfigurationDelegate - Finished Spring Data repository scanning in 100 ms. Found 6 JPA repository interfaces.
2025-11-24 00:25:07.126 [main] INFO  o.s.b.w.e.tomcat.TomcatWebServer - Tomcat initialized with port 8080 (http)
2025-11-24 00:25:07.134 [main] INFO  o.a.coyote.http11.Http11NioProtocol - Initializing ProtocolHandler ["http-nio-8080"]
2025-11-24 00:25:07.136 [main] INFO  o.a.catalina.core.StandardService - Starting service [Tomcat]
2025-11-24 00:25:07.136 [main] INFO  o.a.catalina.core.StandardEngine - Starting Servlet engine: [Apache Tomcat/10.1.46]
2025-11-24 00:25:07.210 [main] INFO  o.a.c.c.C.[Tomcat].[localhost].[/] - Initializing Spring embedded WebApplicationContext
2025-11-24 00:25:07.211 [main] INFO  o.s.b.w.s.c.ServletWebServerApplicationContext - Root WebApplicationContext: initialization completed in 1803 ms
2025-11-24 00:25:07.480 [main] INFO  o.h.jpa.internal.util.LogHelper - HHH000204: Processing PersistenceUnitInfo [name: default]
2025-11-24 00:25:07.563 [main] INFO  org.hibernate.Version - HHH000412: Hibernate ORM core version 6.6.29.Final
2025-11-24 00:25:07.614 [main] INFO  o.h.c.i.RegionFactoryInitiator - HHH000026: Second-level cache disabled
2025-11-24 00:25:08.040 [main] INFO  o.s.o.j.p.SpringPersistenceUnitInfo - No LoadTimeWeaver setup: ignoring JPA class transformer
2025-11-24 00:25:08.086 [main] INFO  com.zaxxer.hikari.HikariDataSource - HikariPool-1 - Starting...
2025-11-24 00:25:08.254 [main] INFO  com.zaxxer.hikari.pool.HikariPool - HikariPool-1 - Added connection org.postgresql.jdbc.PgConnection@4f3fec43
2025-11-24 00:25:08.256 [main] INFO  com.zaxxer.hikari.HikariDataSource - HikariPool-1 - Start completed.
2025-11-24 00:25:08.300 [main] WARN  org.hibernate.orm.deprecation - HHH90000025: PostgreSQLDialect does not need to be specified explicitly using 'hibernate.dialect' (remove the property setting and it will be selected by default)
2025-11-24 00:25:08.338 [main] INFO  o.hibernate.orm.connections.pooling - HHH10001005: Database info:
	Database JDBC URL [Connecting through datasource 'HikariDataSource (HikariPool-1)']
	Database driver: undefined/unknown
	Database version: 15.14
	Autocommit mode: undefined/unknown
	Isolation level: undefined/unknown
	Minimum pool size: undefined/unknown
	Maximum pool size: undefined/unknown
2025-11-24 00:25:09.302 [main] INFO  o.h.e.t.j.p.i.JtaPlatformInitiator - HHH000489: No JTA platform available (set 'hibernate.transaction.jta.platform' to enable JTA platform integration)
2025-11-24 00:25:09.467 [main] INFO  o.s.o.j.LocalContainerEntityManagerFactoryBean - Initialized JPA EntityManagerFactory for persistence unit 'default'
2025-11-24 00:25:09.996 [main] INFO  o.s.d.j.r.query.QueryEnhancerFactory - Hibernate is in classpath; If applicable, HQL parser will be used.
2025-11-24 00:25:11.119 [main] WARN  o.s.b.a.o.j.JpaBaseConfiguration$JpaWebConfiguration - spring.jpa.open-in-view is enabled by default. Therefore, database queries may be performed during view rendering. Explicitly configure spring.jpa.open-in-view to disable this warning
2025-11-24 00:25:11.166 [main] INFO  o.s.s.c.a.a.c.InitializeUserDetailsBeanManagerConfigurer$InitializeUserDetailsManagerConfigurer - Global AuthenticationManager configured with UserDetailsService bean with name customUserDetailsService
2025-11-24 00:25:11.882 [main] INFO  o.a.coyote.http11.Http11NioProtocol - Starting ProtocolHandler ["http-nio-8080"]
2025-11-24 00:25:11.907 [main] INFO  o.s.b.w.e.tomcat.TomcatWebServer - Tomcat started on port 8080 (http) with context path '/'
2025-11-24 00:25:11.915 [main] INFO  c.e.toyproject.ToyprojectApplication - Started ToyprojectApplication in 7.232 seconds (process running for 7.624)
2025-11-24 00:30:41.822 [http-nio-8080-exec-1] INFO  o.a.c.c.C.[Tomcat].[localhost].[/] - Initializing Spring DispatcherServlet 'dispatcherServlet'
2025-11-24 00:30:41.823 [http-nio-8080-exec-1] INFO  o.s.web.servlet.DispatcherServlet - Initializing Servlet 'dispatcherServlet'
2025-11-24 00:30:41.824 [http-nio-8080-exec-1] INFO  o.s.web.servlet.DispatcherServlet - Completed initialization in 1 ms
2025-11-24 00:30:42.312 [http-nio-8080-exec-1] INFO  c.e.t.common.RequestLoggingFilter - rid=7d7c3628 GET / -> 200 (451ms) user=anonymous ip=0:0:0:0:0:0:0:1
2025-11-24 00:30:51.350 [http-nio-8080-exec-2] WARN  o.a.c.util.SessionIdGeneratorBase - Creation of SecureRandom instance for session ID generation using [SHA1PRNG] took [171] milliseconds.
2025-11-24 00:30:51.376 [http-nio-8080-exec-2] INFO  c.e.t.common.RequestLoggingFilter - rid=da625f0e GET /invitation/d1ceUS2Z -> 200 (268ms) user=anonymous ip=0:0:0:0:0:0:0:1
2025-11-24 00:30:51.405 [http-nio-8080-exec-4] INFO  c.e.t.common.RequestLoggingFilter - rid=3e8150fe GET /login -> 200 (9ms) user=anonymous ip=0:0:0:0:0:0:0:1
2025-11-24 00:30:51.666 [http-nio-8080-exec-5] INFO  c.e.t.common.RequestLoggingFilter - rid=702bb918 GET /api/v1/invitations/d1ceUS2Z -> 200 (247ms) user=anonymous ip=0:0:0:0:0:0:0:1
2025-11-24 00:30:52.586 [http-nio-8080-exec-6] INFO  c.e.t.common.RequestLoggingFilter - rid=64135946 GET /api/v1/invitations/d1ceUS2Z/guestbook -> 200 (64ms) user=anonymous ip=0:0:0:0:0:0:0:1
2025-11-24 00:30:52.626 [http-nio-8080-exec-7] INFO  c.e.t.common.RequestLoggingFilter - rid=6c15fa55 GET /api/v1/invitations/d1ceUS2Z/images -> 200 (18ms) user=anonymous ip=0:0:0:0:0:0:0:1
2025-11-24 00:31:37.342 [SpringApplicationShutdownHook] INFO  o.s.b.w.e.tomcat.GracefulShutdown - Commencing graceful shutdown. Waiting for active requests to complete
2025-11-24 00:31:37.852 [tomcat-shutdown] INFO  o.s.b.w.e.tomcat.GracefulShutdown - Graceful shutdown complete
2025-11-24 00:31:37.856 [SpringApplicationShutdownHook] INFO  o.s.o.j.LocalContainerEntityManagerFactoryBean - Closing JPA EntityManagerFactory for persistence unit 'default'
2025-11-24 00:31:37.858 [SpringApplicationShutdownHook] INFO  com.zaxxer.hikari.HikariDataSource - HikariPool-1 - Shutdown initiated...
2025-11-24 00:31:37.863 [SpringApplicationShutdownHook] INFO  com.zaxxer.hikari.HikariDataSource - HikariPool-1 - Shutdown completed.
2025-11-24 00:58:08.857 [background-preinit] INFO  o.h.validator.internal.util.Version - HV000001: Hibernate Validator 8.0.3.Final
2025-11-24 00:58:08.957 [main] INFO  c.e.toyproject.ToyprojectApplication - Starting ToyprojectApplication using Java 17.0.14 with PID 31464 (C:\Users\ccmedia\Desktop\Spring Boot\toyproject\toyproject\out\production\classes started by ccmedia in C:\Users\ccmedia\Desktop\Spring Boot\toyproject\toyproject)
2025-11-24 00:58:08.957 [main] INFO  c.e.toyproject.ToyprojectApplication - The following 1 profile is active: "dev"
2025-11-24 00:58:09.791 [main] INFO  o.s.d.r.c.RepositoryConfigurationDelegate - Bootstrapping Spring Data JPA repositories in DEFAULT mode.
2025-11-24 00:58:09.902 [main] INFO  o.s.d.r.c.RepositoryConfigurationDelegate - Finished Spring Data repository scanning in 96 ms. Found 6 JPA repository interfaces.
2025-11-24 00:58:10.775 [main] INFO  o.s.b.w.e.tomcat.TomcatWebServer - Tomcat initialized with port 8080 (http)
2025-11-24 00:58:10.785 [main] INFO  o.a.coyote.http11.Http11NioProtocol - Initializing ProtocolHandler ["http-nio-8080"]
2025-11-24 00:58:10.786 [main] INFO  o.a.catalina.core.StandardService - Starting service [Tomcat]
2025-11-24 00:58:10.786 [main] INFO  o.a.catalina.core.StandardEngine - Starting Servlet engine: [Apache Tomcat/10.1.46]
2025-11-24 00:58:10.842 [main] INFO  o.a.c.c.C.[Tomcat].[localhost].[/] - Initializing Spring embedded WebApplicationContext
2025-11-24 00:58:10.843 [main] INFO  o.s.b.w.s.c.ServletWebServerApplicationContext - Root WebApplicationContext: initialization completed in 1820 ms
2025-11-24 00:58:11.131 [main] INFO  o.h.jpa.internal.util.LogHelper - HHH000204: Processing PersistenceUnitInfo [name: default]
2025-11-24 00:58:11.219 [main] INFO  org.hibernate.Version - HHH000412: Hibernate ORM core version 6.6.29.Final
2025-11-24 00:58:11.270 [main] INFO  o.h.c.i.RegionFactoryInitiator - HHH000026: Second-level cache disabled
2025-11-24 00:58:11.625 [main] INFO  o.s.o.j.p.SpringPersistenceUnitInfo - No LoadTimeWeaver setup: ignoring JPA class transformer
2025-11-24 00:58:11.653 [main] INFO  com.zaxxer.hikari.HikariDataSource - HikariPool-1 - Starting...
2025-11-24 00:58:11.807 [main] INFO  com.zaxxer.hikari.pool.HikariPool - HikariPool-1 - Added connection org.postgresql.jdbc.PgConnection@4f3fec43
2025-11-24 00:58:11.808 [main] INFO  com.zaxxer.hikari.HikariDataSource - HikariPool-1 - Start completed.
2025-11-24 00:58:11.837 [main] WARN  org.hibernate.orm.deprecation - HHH90000025: PostgreSQLDialect does not need to be specified explicitly using 'hibernate.dialect' (remove the property setting and it will be selected by default)
2025-11-24 00:58:11.867 [main] INFO  o.hibernate.orm.connections.pooling - HHH10001005: Database info:
	Database JDBC URL [Connecting through datasource 'HikariDataSource (HikariPool-1)']
	Database driver: undefined/unknown
	Database version: 15.14
	Autocommit mode: undefined/unknown
	Isolation level: undefined/unknown
	Minimum pool size: undefined/unknown
	Maximum pool size: undefined/unknown
2025-11-24 00:58:12.840 [main] INFO  o.h.e.t.j.p.i.JtaPlatformInitiator - HHH000489: No JTA platform available (set 'hibernate.transaction.jta.platform' to enable JTA platform integration)
2025-11-24 00:58:13.011 [main] INFO  o.s.o.j.LocalContainerEntityManagerFactoryBean - Initialized JPA EntityManagerFactory for persistence unit 'default'
2025-11-24 00:58:13.557 [main] INFO  o.s.d.j.r.query.QueryEnhancerFactory - Hibernate is in classpath; If applicable, HQL parser will be used.
2025-11-24 00:58:14.685 [main] WARN  o.s.b.a.o.j.JpaBaseConfiguration$JpaWebConfiguration - spring.jpa.open-in-view is enabled by default. Therefore, database queries may be performed during view rendering. Explicitly configure spring.jpa.open-in-view to disable this warning
2025-11-24 00:58:14.732 [main] INFO  o.s.s.c.a.a.c.InitializeUserDetailsBeanManagerConfigurer$InitializeUserDetailsManagerConfigurer - Global AuthenticationManager configured with UserDetailsService bean with name customUserDetailsService
2025-11-24 00:58:15.458 [main] INFO  o.a.coyote.http11.Http11NioProtocol - Starting ProtocolHandler ["http-nio-8080"]
2025-11-24 00:58:15.490 [main] INFO  o.s.b.w.e.tomcat.TomcatWebServer - Tomcat started on port 8080 (http) with context path '/'
2025-11-24 00:58:15.500 [main] INFO  c.e.toyproject.ToyprojectApplication - Started ToyprojectApplication in 7.222 seconds (process running for 7.611)
2025-11-24 00:58:29.829 [http-nio-8080-exec-2] INFO  o.a.c.c.C.[Tomcat].[localhost].[/] - Initializing Spring DispatcherServlet 'dispatcherServlet'
2025-11-24 00:58:29.829 [http-nio-8080-exec-2] INFO  o.s.web.servlet.DispatcherServlet - Initializing Servlet 'dispatcherServlet'
2025-11-24 00:58:29.829 [http-nio-8080-exec-2] INFO  o.s.web.servlet.DispatcherServlet - Completed initialization in 0 ms
2025-11-24 00:58:30.365 [http-nio-8080-exec-2] INFO  c.e.t.common.RequestLoggingFilter - rid=9b40bb0d GET / -> 200 (482ms) user=anonymous ip=0:0:0:0:0:0:0:1
2025-11-24 00:58:32.817 [http-nio-8080-exec-1] WARN  o.a.c.util.SessionIdGeneratorBase - Creation of SecureRandom instance for session ID generation using [SHA1PRNG] took [164] milliseconds.
2025-11-24 00:58:32.837 [http-nio-8080-exec-1] INFO  c.e.t.common.RequestLoggingFilter - rid=1ba0b732 GET /invitation/d1ceUS2Z -> 200 (234ms) user=anonymous ip=0:0:0:0:0:0:0:1
2025-11-24 00:58:32.882 [http-nio-8080-exec-3] INFO  c.e.t.common.RequestLoggingFilter - rid=d51f51d9 GET /admin/invitations/d1ceUS2Z/images/main -> 404 (13ms) user=anonymous ip=0:0:0:0:0:0:0:1
2025-11-24 00:58:32.965 [http-nio-8080-exec-5] INFO  c.e.t.common.RequestLoggingFilter - rid=fad9de50 GET /login -> 200 (14ms) user=anonymous ip=0:0:0:0:0:0:0:1
2025-11-24 00:58:33.175 [http-nio-8080-exec-4] INFO  c.e.t.common.RequestLoggingFilter - rid=69d3a872 GET /api/v1/invitations/d1ceUS2Z -> 200 (267ms) user=anonymous ip=0:0:0:0:0:0:0:1
2025-11-24 00:58:33.543 [http-nio-8080-exec-6] INFO  c.e.t.common.RequestLoggingFilter - rid=3f7876ea GET /api/v1/invitations/d1ceUS2Z/guestbook -> 200 (56ms) user=anonymous ip=0:0:0:0:0:0:0:1
2025-11-24 00:58:33.579 [http-nio-8080-exec-7] INFO  c.e.t.common.RequestLoggingFilter - rid=4d5f96da GET /api/v1/invitations/d1ceUS2Z/images -> 200 (23ms) user=anonymous ip=0:0:0:0:0:0:0:1
2025-11-24 01:01:24.353 [SpringApplicationShutdownHook] INFO  o.s.b.w.e.tomcat.GracefulShutdown - Commencing graceful shutdown. Waiting for active requests to complete
2025-11-24 01:01:24.848 [tomcat-shutdown] INFO  o.s.b.w.e.tomcat.GracefulShutdown - Graceful shutdown complete
2025-11-24 01:01:24.851 [SpringApplicationShutdownHook] INFO  o.s.o.j.LocalContainerEntityManagerFactoryBean - Closing JPA EntityManagerFactory for persistence unit 'default'
2025-11-24 01:01:24.854 [SpringApplicationShutdownHook] INFO  com.zaxxer.hikari.HikariDataSource - HikariPool-1 - Shutdown initiated...
2025-11-24 01:01:24.862 [SpringApplicationShutdownHook] INFO  com.zaxxer.hikari.HikariDataSource - HikariPool-1 - Shutdown completed.
2025-11-24 01:01:29.764 [background-preinit] INFO  o.h.validator.internal.util.Version - HV000001: Hibernate Validator 8.0.3.Final
2025-11-24 01:01:29.876 [main] INFO  c.e.toyproject.ToyprojectApplication - Starting ToyprojectApplication using Java 17.0.14 with PID 20936 (C:\Users\ccmedia\Desktop\Spring Boot\toyproject\toyproject\out\production\classes started by ccmedia in C:\Users\ccmedia\Desktop\Spring Boot\toyproject\toyproject)
2025-11-24 01:01:29.877 [main] INFO  c.e.toyproject.ToyprojectApplication - The following 1 profile is active: "dev"
2025-11-24 01:01:30.998 [main] INFO  o.s.d.r.c.RepositoryConfigurationDelegate - Bootstrapping Spring Data JPA repositories in DEFAULT mode.
2025-11-24 01:01:31.140 [main] INFO  o.s.d.r.c.RepositoryConfigurationDelegate - Finished Spring Data repository scanning in 128 ms. Found 6 JPA repository interfaces.
2025-11-24 01:01:32.173 [main] INFO  o.s.b.w.e.tomcat.TomcatWebServer - Tomcat initialized with port 8080 (http)
2025-11-24 01:01:32.187 [main] INFO  o.a.coyote.http11.Http11NioProtocol - Initializing ProtocolHandler ["http-nio-8080"]
2025-11-24 01:01:32.190 [main] INFO  o.a.catalina.core.StandardService - Starting service [Tomcat]
2025-11-24 01:01:32.191 [main] INFO  o.a.catalina.core.StandardEngine - Starting Servlet engine: [Apache Tomcat/10.1.46]
2025-11-24 01:01:32.275 [main] INFO  o.a.c.c.C.[Tomcat].[localhost].[/] - Initializing Spring embedded WebApplicationContext
2025-11-24 01:01:32.277 [main] INFO  o.s.b.w.s.c.ServletWebServerApplicationContext - Root WebApplicationContext: initialization completed in 2318 ms
2025-11-24 01:01:32.558 [main] INFO  o.h.jpa.internal.util.LogHelper - HHH000204: Processing PersistenceUnitInfo [name: default]
2025-11-24 01:01:32.655 [main] INFO  org.hibernate.Version - HHH000412: Hibernate ORM core version 6.6.29.Final
2025-11-24 01:01:32.714 [main] INFO  o.h.c.i.RegionFactoryInitiator - HHH000026: Second-level cache disabled
2025-11-24 01:01:33.170 [main] INFO  o.s.o.j.p.SpringPersistenceUnitInfo - No LoadTimeWeaver setup: ignoring JPA class transformer
2025-11-24 01:01:33.229 [main] INFO  com.zaxxer.hikari.HikariDataSource - HikariPool-1 - Starting...
2025-11-24 01:01:33.454 [main] INFO  com.zaxxer.hikari.pool.HikariPool - HikariPool-1 - Added connection org.postgresql.jdbc.PgConnection@13dc6649
2025-11-24 01:01:33.456 [main] INFO  com.zaxxer.hikari.HikariDataSource - HikariPool-1 - Start completed.
2025-11-24 01:01:33.492 [main] WARN  org.hibernate.orm.deprecation - HHH90000025: PostgreSQLDialect does not need to be specified explicitly using 'hibernate.dialect' (remove the property setting and it will be selected by default)
2025-11-24 01:01:33.520 [main] INFO  o.hibernate.orm.connections.pooling - HHH10001005: Database info:
	Database JDBC URL [Connecting through datasource 'HikariDataSource (HikariPool-1)']
	Database driver: undefined/unknown
	Database version: 15.14
	Autocommit mode: undefined/unknown
	Isolation level: undefined/unknown
	Minimum pool size: undefined/unknown
	Maximum pool size: undefined/unknown
2025-11-24 01:01:34.724 [main] INFO  o.h.e.t.j.p.i.JtaPlatformInitiator - HHH000489: No JTA platform available (set 'hibernate.transaction.jta.platform' to enable JTA platform integration)
2025-11-24 01:01:34.915 [main] INFO  o.s.o.j.LocalContainerEntityManagerFactoryBean - Initialized JPA EntityManagerFactory for persistence unit 'default'
2025-11-24 01:01:35.433 [main] INFO  o.s.d.j.r.query.QueryEnhancerFactory - Hibernate is in classpath; If applicable, HQL parser will be used.
2025-11-24 01:01:37.000 [main] WARN  o.s.b.a.o.j.JpaBaseConfiguration$JpaWebConfiguration - spring.jpa.open-in-view is enabled by default. Therefore, database queries may be performed during view rendering. Explicitly configure spring.jpa.open-in-view to disable this warning
2025-11-24 01:01:37.051 [main] INFO  o.s.s.c.a.a.c.InitializeUserDetailsBeanManagerConfigurer$InitializeUserDetailsManagerConfigurer - Global AuthenticationManager configured with UserDetailsService bean with name customUserDetailsService
2025-11-24 01:01:37.773 [main] INFO  o.a.coyote.http11.Http11NioProtocol - Starting ProtocolHandler ["http-nio-8080"]
2025-11-24 01:01:37.810 [main] INFO  o.s.b.w.e.tomcat.TomcatWebServer - Tomcat started on port 8080 (http) with context path '/'
2025-11-24 01:01:37.820 [main] INFO  c.e.toyproject.ToyprojectApplication - Started ToyprojectApplication in 8.833 seconds (process running for 9.372)
2025-11-24 01:07:30.979 [SpringApplicationShutdownHook] INFO  o.s.b.w.e.tomcat.GracefulShutdown - Commencing graceful shutdown. Waiting for active requests to complete
2025-11-24 01:07:31.495 [tomcat-shutdown] INFO  o.s.b.w.e.tomcat.GracefulShutdown - Graceful shutdown complete
2025-11-24 01:07:31.498 [SpringApplicationShutdownHook] INFO  o.s.o.j.LocalContainerEntityManagerFactoryBean - Closing JPA EntityManagerFactory for persistence unit 'default'
2025-11-24 01:07:31.501 [SpringApplicationShutdownHook] INFO  com.zaxxer.hikari.HikariDataSource - HikariPool-1 - Shutdown initiated...
2025-11-24 01:07:31.505 [SpringApplicationShutdownHook] INFO  com.zaxxer.hikari.HikariDataSource - HikariPool-1 - Shutdown completed.
2025-11-24 01:07:33.491 [background-preinit] INFO  o.h.validator.internal.util.Version - HV000001: Hibernate Validator 8.0.3.Final
2025-11-24 01:07:33.570 [main] INFO  c.e.toyproject.ToyprojectApplication - Starting ToyprojectApplication using Java 17.0.14 with PID 12820 (C:\Users\ccmedia\Desktop\Spring Boot\toyproject\toyproject\out\production\classes started by ccmedia in C:\Users\ccmedia\Desktop\Spring Boot\toyproject\toyproject)
2025-11-24 01:07:33.572 [main] INFO  c.e.toyproject.ToyprojectApplication - The following 1 profile is active: "dev"
2025-11-24 01:07:34.390 [main] INFO  o.s.d.r.c.RepositoryConfigurationDelegate - Bootstrapping Spring Data JPA repositories in DEFAULT mode.
2025-11-24 01:07:34.475 [main] INFO  o.s.d.r.c.RepositoryConfigurationDelegate - Finished Spring Data repository scanning in 73 ms. Found 6 JPA repository interfaces.
2025-11-24 01:07:35.316 [main] INFO  o.s.b.w.e.tomcat.TomcatWebServer - Tomcat initialized with port 8080 (http)
2025-11-24 01:07:35.324 [main] INFO  o.a.coyote.http11.Http11NioProtocol - Initializing ProtocolHandler ["http-nio-8080"]
2025-11-24 01:07:35.326 [main] INFO  o.a.catalina.core.StandardService - Starting service [Tomcat]
2025-11-24 01:07:35.326 [main] INFO  o.a.catalina.core.StandardEngine - Starting Servlet engine: [Apache Tomcat/10.1.46]
2025-11-24 01:07:35.389 [main] INFO  o.a.c.c.C.[Tomcat].[localhost].[/] - Initializing Spring embedded WebApplicationContext
2025-11-24 01:07:35.390 [main] INFO  o.s.b.w.s.c.ServletWebServerApplicationContext - Root WebApplicationContext: initialization completed in 1772 ms
2025-11-24 01:07:35.715 [main] INFO  o.h.jpa.internal.util.LogHelper - HHH000204: Processing PersistenceUnitInfo [name: default]
2025-11-24 01:07:35.796 [main] INFO  org.hibernate.Version - HHH000412: Hibernate ORM core version 6.6.29.Final
2025-11-24 01:07:35.854 [main] INFO  o.h.c.i.RegionFactoryInitiator - HHH000026: Second-level cache disabled
2025-11-24 01:07:36.283 [main] INFO  o.s.o.j.p.SpringPersistenceUnitInfo - No LoadTimeWeaver setup: ignoring JPA class transformer
2025-11-24 01:07:36.333 [main] INFO  com.zaxxer.hikari.HikariDataSource - HikariPool-1 - Starting...
2025-11-24 01:07:36.539 [main] INFO  com.zaxxer.hikari.pool.HikariPool - HikariPool-1 - Added connection org.postgresql.jdbc.PgConnection@6f6c8d45
2025-11-24 01:07:36.540 [main] INFO  com.zaxxer.hikari.HikariDataSource - HikariPool-1 - Start completed.
2025-11-24 01:07:36.561 [main] WARN  org.hibernate.orm.deprecation - HHH90000025: PostgreSQLDialect does not need to be specified explicitly using 'hibernate.dialect' (remove the property setting and it will be selected by default)
2025-11-24 01:07:36.580 [main] INFO  o.hibernate.orm.connections.pooling - HHH10001005: Database info:
	Database JDBC URL [Connecting through datasource 'HikariDataSource (HikariPool-1)']
	Database driver: undefined/unknown
	Database version: 15.14
	Autocommit mode: undefined/unknown
	Isolation level: undefined/unknown
	Minimum pool size: undefined/unknown
	Maximum pool size: undefined/unknown
2025-11-24 01:07:37.575 [main] INFO  o.h.e.t.j.p.i.JtaPlatformInitiator - HHH000489: No JTA platform available (set 'hibernate.transaction.jta.platform' to enable JTA platform integration)
2025-11-24 01:07:37.742 [main] INFO  o.s.o.j.LocalContainerEntityManagerFactoryBean - Initialized JPA EntityManagerFactory for persistence unit 'default'
2025-11-24 01:07:38.273 [main] INFO  o.s.d.j.r.query.QueryEnhancerFactory - Hibernate is in classpath; If applicable, HQL parser will be used.
2025-11-24 01:07:39.332 [main] WARN  o.s.b.a.o.j.JpaBaseConfiguration$JpaWebConfiguration - spring.jpa.open-in-view is enabled by default. Therefore, database queries may be performed during view rendering. Explicitly configure spring.jpa.open-in-view to disable this warning
2025-11-24 01:07:39.378 [main] INFO  o.s.s.c.a.a.c.InitializeUserDetailsBeanManagerConfigurer$InitializeUserDetailsManagerConfigurer - Global AuthenticationManager configured with UserDetailsService bean with name customUserDetailsService
2025-11-24 01:07:40.079 [main] INFO  o.a.coyote.http11.Http11NioProtocol - Starting ProtocolHandler ["http-nio-8080"]
2025-11-24 01:07:40.107 [main] INFO  o.s.b.w.e.tomcat.TomcatWebServer - Tomcat started on port 8080 (http) with context path '/'
2025-11-24 01:07:40.119 [main] INFO  c.e.toyproject.ToyprojectApplication - Started ToyprojectApplication in 7.208 seconds (process running for 7.665)
2025-11-24 01:08:50.035 [http-nio-8080-exec-1] INFO  o.a.c.c.C.[Tomcat].[localhost].[/] - Initializing Spring DispatcherServlet 'dispatcherServlet'
2025-11-24 01:08:50.036 [http-nio-8080-exec-1] INFO  o.s.web.servlet.DispatcherServlet - Initializing Servlet 'dispatcherServlet'
2025-11-24 01:08:50.037 [http-nio-8080-exec-1] INFO  o.s.web.servlet.DispatcherServlet - Completed initialization in 1 ms
2025-11-24 01:08:50.524 [http-nio-8080-exec-1] INFO  c.e.t.common.RequestLoggingFilter - rid=d2466998 GET / -> 200 (447ms) user=anonymous ip=0:0:0:0:0:0:0:1
2025-11-24 01:08:54.025 [http-nio-8080-exec-2] WARN  o.a.c.util.SessionIdGeneratorBase - Creation of SecureRandom instance for session ID generation using [SHA1PRNG] took [164] milliseconds.
2025-11-24 01:08:54.043 [http-nio-8080-exec-2] INFO  c.e.t.common.RequestLoggingFilter - rid=eea8046c GET /login -> 200 (195ms) user=anonymous ip=0:0:0:0:0:0:0:1
2025-11-24 01:13:47.240 [SpringApplicationShutdownHook] INFO  o.s.b.w.e.tomcat.GracefulShutdown - Commencing graceful shutdown. Waiting for active requests to complete
2025-11-24 01:13:47.764 [tomcat-shutdown] INFO  o.s.b.w.e.tomcat.GracefulShutdown - Graceful shutdown complete
2025-11-24 01:13:47.767 [SpringApplicationShutdownHook] INFO  o.s.o.j.LocalContainerEntityManagerFactoryBean - Closing JPA EntityManagerFactory for persistence unit 'default'
2025-11-24 01:13:47.771 [SpringApplicationShutdownHook] INFO  com.zaxxer.hikari.HikariDataSource - HikariPool-1 - Shutdown initiated...
2025-11-24 01:13:47.782 [SpringApplicationShutdownHook] INFO  com.zaxxer.hikari.HikariDataSource - HikariPool-1 - Shutdown completed.
2025-11-24 01:13:51.192 [background-preinit] INFO  o.h.validator.internal.util.Version - HV000001: Hibernate Validator 8.0.3.Final
2025-11-24 01:13:51.275 [main] INFO  c.e.toyproject.ToyprojectApplication - Starting ToyprojectApplication using Java 17.0.14 with PID 5896 (C:\Users\ccmedia\Desktop\Spring Boot\toyproject\toyproject\out\production\classes started by ccmedia in C:\Users\ccmedia\Desktop\Spring Boot\toyproject\toyproject)
2025-11-24 01:13:51.278 [main] INFO  c.e.toyproject.ToyprojectApplication - The following 1 profile is active: "dev"
2025-11-24 01:13:52.238 [main] INFO  o.s.d.r.c.RepositoryConfigurationDelegate - Bootstrapping Spring Data JPA repositories in DEFAULT mode.
2025-11-24 01:13:52.357 [main] INFO  o.s.d.r.c.RepositoryConfigurationDelegate - Finished Spring Data repository scanning in 101 ms. Found 6 JPA repository interfaces.
2025-11-24 01:13:53.291 [main] INFO  o.s.b.w.e.tomcat.TomcatWebServer - Tomcat initialized with port 8080 (http)
2025-11-24 01:13:53.299 [main] INFO  o.a.coyote.http11.Http11NioProtocol - Initializing ProtocolHandler ["http-nio-8080"]
2025-11-24 01:13:53.300 [main] INFO  o.a.catalina.core.StandardService - Starting service [Tomcat]
2025-11-24 01:13:53.300 [main] INFO  o.a.catalina.core.StandardEngine - Starting Servlet engine: [Apache Tomcat/10.1.46]
2025-11-24 01:13:53.359 [main] INFO  o.a.c.c.C.[Tomcat].[localhost].[/] - Initializing Spring embedded WebApplicationContext
2025-11-24 01:13:53.361 [main] INFO  o.s.b.w.s.c.ServletWebServerApplicationContext - Root WebApplicationContext: initialization completed in 2005 ms
2025-11-24 01:13:53.689 [main] INFO  o.h.jpa.internal.util.LogHelper - HHH000204: Processing PersistenceUnitInfo [name: default]
2025-11-24 01:13:53.774 [main] INFO  org.hibernate.Version - HHH000412: Hibernate ORM core version 6.6.29.Final
2025-11-24 01:13:53.832 [main] INFO  o.h.c.i.RegionFactoryInitiator - HHH000026: Second-level cache disabled
2025-11-24 01:13:54.236 [main] INFO  o.s.o.j.p.SpringPersistenceUnitInfo - No LoadTimeWeaver setup: ignoring JPA class transformer
2025-11-24 01:13:54.272 [main] INFO  com.zaxxer.hikari.HikariDataSource - HikariPool-1 - Starting...
2025-11-24 01:13:54.469 [main] INFO  com.zaxxer.hikari.pool.HikariPool - HikariPool-1 - Added connection org.postgresql.jdbc.PgConnection@419f0ea
2025-11-24 01:13:54.471 [main] INFO  com.zaxxer.hikari.HikariDataSource - HikariPool-1 - Start completed.
2025-11-24 01:13:54.501 [main] WARN  org.hibernate.orm.deprecation - HHH90000025: PostgreSQLDialect does not need to be specified explicitly using 'hibernate.dialect' (remove the property setting and it will be selected by default)
2025-11-24 01:13:54.529 [main] INFO  o.hibernate.orm.connections.pooling - HHH10001005: Database info:
	Database JDBC URL [Connecting through datasource 'HikariDataSource (HikariPool-1)']
	Database driver: undefined/unknown
	Database version: 15.14
	Autocommit mode: undefined/unknown
	Isolation level: undefined/unknown
	Minimum pool size: undefined/unknown
	Maximum pool size: undefined/unknown
2025-11-24 01:13:55.602 [main] INFO  o.h.e.t.j.p.i.JtaPlatformInitiator - HHH000489: No JTA platform available (set 'hibernate.transaction.jta.platform' to enable JTA platform integration)
2025-11-24 01:13:55.848 [main] INFO  o.s.o.j.LocalContainerEntityManagerFactoryBean - Initialized JPA EntityManagerFactory for persistence unit 'default'
2025-11-24 01:13:56.522 [main] INFO  o.s.d.j.r.query.QueryEnhancerFactory - Hibernate is in classpath; If applicable, HQL parser will be used.
2025-11-24 01:13:58.263 [main] WARN  o.s.b.a.o.j.JpaBaseConfiguration$JpaWebConfiguration - spring.jpa.open-in-view is enabled by default. Therefore, database queries may be performed during view rendering. Explicitly configure spring.jpa.open-in-view to disable this warning
2025-11-24 01:13:58.317 [main] INFO  o.s.s.c.a.a.c.InitializeUserDetailsBeanManagerConfigurer$InitializeUserDetailsManagerConfigurer - Global AuthenticationManager configured with UserDetailsService bean with name customUserDetailsService
2025-11-24 01:13:59.160 [main] INFO  o.a.coyote.http11.Http11NioProtocol - Starting ProtocolHandler ["http-nio-8080"]
2025-11-24 01:13:59.191 [main] INFO  o.s.b.w.e.tomcat.TomcatWebServer - Tomcat started on port 8080 (http) with context path '/'
2025-11-24 01:13:59.205 [main] INFO  c.e.toyproject.ToyprojectApplication - Started ToyprojectApplication in 8.599 seconds (process running for 9.015)
2025-11-24 01:14:15.794 [http-nio-8080-exec-1] INFO  o.a.c.c.C.[Tomcat].[localhost].[/] - Initializing Spring DispatcherServlet 'dispatcherServlet'
2025-11-24 01:14:15.795 [http-nio-8080-exec-1] INFO  o.s.web.servlet.DispatcherServlet - Initializing Servlet 'dispatcherServlet'
2025-11-24 01:14:15.796 [http-nio-8080-exec-1] INFO  o.s.web.servlet.DispatcherServlet - Completed initialization in 1 ms
2025-11-24 01:14:16.313 [http-nio-8080-exec-1] INFO  c.e.t.common.RequestLoggingFilter - rid=65350c39 GET / -> 200 (470ms) user=anonymous ip=0:0:0:0:0:0:0:1
2025-11-24 01:14:19.340 [http-nio-8080-exec-2] WARN  o.a.c.util.SessionIdGeneratorBase - Creation of SecureRandom instance for session ID generation using [SHA1PRNG] took [168] milliseconds.
2025-11-24 01:14:19.357 [http-nio-8080-exec-2] INFO  c.e.t.common.RequestLoggingFilter - rid=9ba15d0d GET /invitation/fz68NMcR -> 200 (239ms) user=anonymous ip=0:0:0:0:0:0:0:1
2025-11-24 01:14:19.402 [http-nio-8080-exec-3] INFO  c.e.t.common.RequestLoggingFilter - rid=9d3a8ae8 GET /admin/invitations/fz68NMcR/images/main -> 404 (10ms) user=anonymous ip=0:0:0:0:0:0:0:1
2025-11-24 01:14:19.433 [http-nio-8080-exec-4] INFO  c.e.t.common.RequestLoggingFilter - rid=c1c98f65 GET /login -> 200 (13ms) user=anonymous ip=0:0:0:0:0:0:0:1
2025-11-24 01:14:19.491 [http-nio-8080-exec-6] INFO  c.e.t.common.RequestLoggingFilter - rid=ffe6dd13 GET /login -> 200 (2ms) user=anonymous ip=0:0:0:0:0:0:0:1
2025-11-24 01:14:36.820 [http-nio-8080-exec-7] INFO  c.e.t.common.RequestLoggingFilter - rid=22b8ab9a GET / -> 200 (8ms) user=anonymous ip=0:0:0:0:0:0:0:1
2025-11-24 01:14:40.923 [http-nio-8080-exec-9] INFO  c.e.t.common.RequestLoggingFilter - rid=2d9f1e46 GET /login -> 200 (3ms) user=anonymous ip=0:0:0:0:0:0:0:1
2025-11-24 01:14:45.657 [http-nio-8080-exec-1] INFO  c.e.t.common.RequestLoggingFilter - rid=3d238205 GET / -> 200 (9ms) user=jjj ip=0:0:0:0:0:0:0:1
2025-11-24 01:14:46.844 [http-nio-8080-exec-2] INFO  c.e.t.common.RequestLoggingFilter - rid=deb874aa GET /admin/invitations -> 200 (222ms) user=jjj ip=0:0:0:0:0:0:0:1
2025-11-24 01:14:49.093 [http-nio-8080-exec-3] INFO  c.e.t.common.RequestLoggingFilter - rid=ea4c3861 GET /invitation/OyGvVR1L -> 200 (8ms) user=jjj ip=0:0:0:0:0:0:0:1
2025-11-24 01:14:49.115 [http-nio-8080-exec-4] INFO  c.e.t.common.RequestLoggingFilter - rid=2e9bf35a GET /admin/invitations/OyGvVR1L/images/main -> 404 (4ms) user=jjj ip=0:0:0:0:0:0:0:1
2025-11-24 01:14:49.282 [http-nio-8080-exec-5] INFO  c.e.t.common.RequestLoggingFilter - rid=f43c1e3c GET /api/v1/invitations/OyGvVR1L -> 200 (90ms) user=jjj ip=0:0:0:0:0:0:0:1
2025-11-24 01:14:50.144 [http-nio-8080-exec-7] INFO  c.e.t.common.RequestLoggingFilter - rid=41692cae GET /uploads/408d3dc8-bae0-4e93-b700-739bfd904dd2.png -> 200 (8ms) user=jjj ip=0:0:0:0:0:0:0:1
2025-11-24 01:14:50.182 [http-nio-8080-exec-6] INFO  c.e.t.common.RequestLoggingFilter - rid=c6134c42 GET /api/v1/invitations/OyGvVR1L/guestbook -> 200 (47ms) user=jjj ip=0:0:0:0:0:0:0:1
2025-11-24 01:14:50.238 [http-nio-8080-exec-8] INFO  c.e.t.common.RequestLoggingFilter - rid=393e3944 GET /api/v1/invitations/OyGvVR1L/images -> 200 (28ms) user=jjj ip=0:0:0:0:0:0:0:1
2025-11-24 01:14:50.273 [http-nio-8080-exec-10] INFO  c.e.t.common.RequestLoggingFilter - rid=7e309248 GET /uploads/e731cc81-629b-45aa-9f96-c23e2db551ba.png -> 200 (7ms) user=jjj ip=0:0:0:0:0:0:0:1
2025-11-24 01:14:50.273 [http-nio-8080-exec-4] INFO  c.e.t.common.RequestLoggingFilter - rid=674f2f8e GET /uploads/322da335-7224-4c2f-a2a2-1fa7cbfa450e.png -> 200 (5ms) user=jjj ip=0:0:0:0:0:0:0:1
2025-11-24 01:14:50.273 [http-nio-8080-exec-1] INFO  c.e.t.common.RequestLoggingFilter - rid=03a4d2cc GET /uploads/2fd79316-5b21-469b-a220-e6f4c71e0b67.png -> 200 (5ms) user=jjj ip=0:0:0:0:0:0:0:1
2025-11-24 01:14:50.275 [http-nio-8080-exec-2] INFO  c.e.t.common.RequestLoggingFilter - rid=a247fc70 GET /uploads/e94b0675-41eb-4d1d-887c-442ed1be1e8a.png -> 200 (9ms) user=jjj ip=0:0:0:0:0:0:0:1
2025-11-24 01:14:50.275 [http-nio-8080-exec-9] INFO  c.e.t.common.RequestLoggingFilter - rid=57c56cf7 GET /uploads/408d3dc8-bae0-4e93-b700-739bfd904dd2.png -> 200 (9ms) user=jjj ip=0:0:0:0:0:0:0:1
2025-11-24 01:14:50.275 [http-nio-8080-exec-3] INFO  c.e.t.common.RequestLoggingFilter - rid=ffa6a198 GET /uploads/b08566b7-22e2-494b-be43-acbabebc5699.png -> 200 (7ms) user=jjj ip=0:0:0:0:0:0:0:1
2025-11-24 01:14:57.116 [http-nio-8080-exec-5] INFO  c.e.t.common.RequestLoggingFilter - rid=c6338be8 GET /invitation/OyGvVR1L -> 200 (12ms) user=jjj ip=0:0:0:0:0:0:0:1
2025-11-24 01:14:57.176 [http-nio-8080-exec-7] INFO  c.e.t.common.RequestLoggingFilter - rid=4d690952 GET /admin/invitations/OyGvVR1L/images/main -> 404 (8ms) user=jjj ip=0:0:0:0:0:0:0:1
2025-11-24 01:14:57.262 [http-nio-8080-exec-6] INFO  c.e.t.common.RequestLoggingFilter - rid=11433662 GET /api/v1/invitations/OyGvVR1L -> 200 (25ms) user=jjj ip=0:0:0:0:0:0:0:1
2025-11-24 01:14:58.118 [http-nio-8080-exec-1] INFO  c.e.t.common.RequestLoggingFilter - rid=51b0079a GET /uploads/408d3dc8-bae0-4e93-b700-739bfd904dd2.png -> 200 (6ms) user=jjj ip=0:0:0:0:0:0:0:1
2025-11-24 01:14:58.133 [http-nio-8080-exec-8] INFO  c.e.t.common.RequestLoggingFilter - rid=a58bf8e9 GET /api/v1/invitations/OyGvVR1L/guestbook -> 200 (21ms) user=jjj ip=0:0:0:0:0:0:0:1
2025-11-24 01:14:58.192 [http-nio-8080-exec-10] INFO  c.e.t.common.RequestLoggingFilter - rid=f049fe89 GET /api/v1/invitations/OyGvVR1L/images -> 200 (17ms) user=jjj ip=0:0:0:0:0:0:0:1
2025-11-24 01:14:58.219 [http-nio-8080-exec-3] INFO  c.e.t.common.RequestLoggingFilter - rid=8ad71b8e GET /uploads/e94b0675-41eb-4d1d-887c-442ed1be1e8a.png -> 200 (18ms) user=jjj ip=0:0:0:0:0:0:0:1
2025-11-24 01:14:58.208 [http-nio-8080-exec-2] INFO  c.e.t.common.RequestLoggingFilter - rid=1601ae3c GET /uploads/408d3dc8-bae0-4e93-b700-739bfd904dd2.png -> 200 (6ms) user=jjj ip=0:0:0:0:0:0:0:1
2025-11-24 01:14:58.222 [http-nio-8080-exec-5] INFO  c.e.t.common.RequestLoggingFilter - rid=cfd3d802 GET /uploads/b08566b7-22e2-494b-be43-acbabebc5699.png -> 200 (21ms) user=jjj ip=0:0:0:0:0:0:0:1
2025-11-24 01:14:58.222 [http-nio-8080-exec-7] INFO  c.e.t.common.RequestLoggingFilter - rid=9760f654 GET /uploads/322da335-7224-4c2f-a2a2-1fa7cbfa450e.png -> 200 (20ms) user=jjj ip=0:0:0:0:0:0:0:1
2025-11-24 01:14:58.222 [http-nio-8080-exec-4] INFO  c.e.t.common.RequestLoggingFilter - rid=13462b77 GET /uploads/2fd79316-5b21-469b-a220-e6f4c71e0b67.png -> 200 (16ms) user=jjj ip=0:0:0:0:0:0:0:1
2025-11-24 01:14:58.225 [http-nio-8080-exec-9] INFO  c.e.t.common.RequestLoggingFilter - rid=bd9422ff GET /uploads/e731cc81-629b-45aa-9f96-c23e2db551ba.png -> 200 (23ms) user=jjj ip=0:0:0:0:0:0:0:1
2025-11-24 01:15:02.388 [http-nio-8080-exec-6] INFO  c.e.t.common.RequestLoggingFilter - rid=e5b10e2a GET /invitation/OyGvVR1L -> 200 (13ms) user=jjj ip=0:0:0:0:0:0:0:1
2025-11-24 01:15:02.434 [http-nio-8080-exec-1] INFO  c.e.t.common.RequestLoggingFilter - rid=439d1c1a GET /admin/invitations/OyGvVR1L/images/main -> 404 (5ms) user=jjj ip=0:0:0:0:0:0:0:1
2025-11-24 01:15:02.502 [http-nio-8080-exec-8] INFO  c.e.t.common.RequestLoggingFilter - rid=11474056 GET /api/v1/invitations/OyGvVR1L -> 200 (22ms) user=jjj ip=0:0:0:0:0:0:0:1
2025-11-24 01:15:03.414 [http-nio-8080-exec-2] INFO  c.e.t.common.RequestLoggingFilter - rid=9e66a85f GET /uploads/408d3dc8-bae0-4e93-b700-739bfd904dd2.png -> 200 (7ms) user=jjj ip=0:0:0:0:0:0:0:1
2025-11-24 01:15:03.427 [http-nio-8080-exec-10] INFO  c.e.t.common.RequestLoggingFilter - rid=e1f34f63 GET /api/v1/invitations/OyGvVR1L/guestbook -> 200 (19ms) user=jjj ip=0:0:0:0:0:0:0:1
2025-11-24 01:15:03.522 [http-nio-8080-exec-3] INFO  c.e.t.common.RequestLoggingFilter - rid=542c3cf9 GET /api/v1/invitations/OyGvVR1L/images -> 200 (46ms) user=jjj ip=0:0:0:0:0:0:0:1
2025-11-24 01:15:03.538 [http-nio-8080-exec-4] INFO  c.e.t.common.RequestLoggingFilter - rid=ee6f4740 GET /uploads/2fd79316-5b21-469b-a220-e6f4c71e0b67.png -> 200 (5ms) user=jjj ip=0:0:0:0:0:0:0:1
2025-11-24 01:15:03.539 [http-nio-8080-exec-7] INFO  c.e.t.common.RequestLoggingFilter - rid=5fe11d88 GET /uploads/408d3dc8-bae0-4e93-b700-739bfd904dd2.png -> 200 (9ms) user=jjj ip=0:0:0:0:0:0:0:1
2025-11-24 01:15:03.542 [http-nio-8080-exec-1] INFO  c.e.t.common.RequestLoggingFilter - rid=a9512e02 GET /uploads/322da335-7224-4c2f-a2a2-1fa7cbfa450e.png -> 200 (8ms) user=jjj ip=0:0:0:0:0:0:0:1
2025-11-24 01:15:03.542 [http-nio-8080-exec-5] INFO  c.e.t.common.RequestLoggingFilter - rid=5c033af9 GET /uploads/e731cc81-629b-45aa-9f96-c23e2db551ba.png -> 200 (12ms) user=jjj ip=0:0:0:0:0:0:0:1
2025-11-24 01:15:03.540 [http-nio-8080-exec-9] INFO  c.e.t.common.RequestLoggingFilter - rid=a65aa0a1 GET /uploads/e94b0675-41eb-4d1d-887c-442ed1be1e8a.png -> 200 (7ms) user=jjj ip=0:0:0:0:0:0:0:1
2025-11-24 01:15:03.542 [http-nio-8080-exec-6] INFO  c.e.t.common.RequestLoggingFilter - rid=be180167 GET /uploads/b08566b7-22e2-494b-be43-acbabebc5699.png -> 200 (8ms) user=jjj ip=0:0:0:0:0:0:0:1
2025-11-24 01:15:09.622 [http-nio-8080-exec-8] INFO  c.e.t.common.RequestLoggingFilter - rid=47b85a38 GET /invitation/d1ceUS2Z -> 200 (11ms) user=jjj ip=0:0:0:0:0:0:0:1
2025-11-24 01:15:09.657 [http-nio-8080-exec-2] INFO  c.e.t.common.RequestLoggingFilter - rid=36a678a6 GET /admin/invitations/d1ceUS2Z/images/main -> 404 (4ms) user=jjj ip=0:0:0:0:0:0:0:1
2025-11-24 01:15:09.687 [http-nio-8080-exec-10] INFO  c.e.t.common.RequestLoggingFilter - rid=d0f0fdb4 GET /api/v1/invitations/d1ceUS2Z -> 200 (14ms) user=jjj ip=0:0:0:0:0:0:0:1
2025-11-24 01:15:09.878 [http-nio-8080-exec-3] INFO  c.e.t.common.RequestLoggingFilter - rid=4c9d110b GET /api/v1/invitations/d1ceUS2Z/guestbook -> 200 (17ms) user=jjj ip=0:0:0:0:0:0:0:1
2025-11-24 01:15:09.907 [http-nio-8080-exec-4] INFO  c.e.t.common.RequestLoggingFilter - rid=1bbb99c9 GET /api/v1/invitations/d1ceUS2Z/images -> 200 (9ms) user=jjj ip=0:0:0:0:0:0:0:1
2025-11-24 01:15:45.975 [http-nio-8080-exec-7] INFO  c.e.t.common.RequestLoggingFilter - rid=57e392ac GET /invitation/tAkmnAJk -> 200 (12ms) user=jjj ip=0:0:0:0:0:0:0:1
2025-11-24 01:15:46.025 [http-nio-8080-exec-5] INFO  c.e.t.common.RequestLoggingFilter - rid=1b4e644b GET /admin/invitations/tAkmnAJk/images/main -> 404 (6ms) user=jjj ip=0:0:0:0:0:0:0:1
2025-11-24 01:15:46.052 [http-nio-8080-exec-1] INFO  c.e.t.common.RequestLoggingFilter - rid=e0f20863 GET /api/v1/invitations/tAkmnAJk -> 200 (14ms) user=jjj ip=0:0:0:0:0:0:0:1
2025-11-24 01:15:46.269 [http-nio-8080-exec-6] INFO  c.e.t.common.RequestLoggingFilter - rid=d7097764 GET /uploads/b2e17f76-df6c-44bb-b572-df32f6132628.png -> 200 (12ms) user=jjj ip=0:0:0:0:0:0:0:1
2025-11-24 01:15:46.274 [http-nio-8080-exec-9] INFO  c.e.t.common.RequestLoggingFilter - rid=85733897 GET /api/v1/invitations/tAkmnAJk/guestbook -> 200 (17ms) user=jjj ip=0:0:0:0:0:0:0:1
2025-11-24 01:15:46.305 [http-nio-8080-exec-8] INFO  c.e.t.common.RequestLoggingFilter - rid=e90ffa24 GET /api/v1/invitations/tAkmnAJk/images -> 200 (12ms) user=jjj ip=0:0:0:0:0:0:0:1
2025-11-24 01:15:46.320 [http-nio-8080-exec-5] INFO  c.e.t.common.RequestLoggingFilter - rid=a0b1a0d2 GET /uploads/3ae8602a-65da-4d66-b939-747b7af0f3c0.png -> 200 (4ms) user=jjj ip=0:0:0:0:0:0:0:1
2025-11-24 01:15:46.320 [http-nio-8080-exec-3] INFO  c.e.t.common.RequestLoggingFilter - rid=f0ef40c2 GET /uploads/b394dc7b-8996-4784-851a-92f8e1f2f139.png -> 200 (3ms) user=jjj ip=0:0:0:0:0:0:0:1
2025-11-24 01:15:46.321 [http-nio-8080-exec-4] INFO  c.e.t.common.RequestLoggingFilter - rid=e2b911fd GET /uploads/b66cfb73-bca1-41cf-9f77-7cbd8d29b775.png -> 200 (4ms) user=jjj ip=0:0:0:0:0:0:0:1
2025-11-24 01:15:46.321 [http-nio-8080-exec-10] INFO  c.e.t.common.RequestLoggingFilter - rid=d53cae36 GET /uploads/762d4f9b-a757-4d21-ad43-b074d23543f1.png -> 200 (5ms) user=jjj ip=0:0:0:0:0:0:0:1
2025-11-24 01:15:46.322 [http-nio-8080-exec-7] INFO  c.e.t.common.RequestLoggingFilter - rid=6c321901 GET /uploads/2c92fa30-b1f0-4bf2-ac77-7768fe4b1937.png -> 200 (5ms) user=jjj ip=0:0:0:0:0:0:0:1
2025-11-24 01:15:46.326 [http-nio-8080-exec-2] INFO  c.e.t.common.RequestLoggingFilter - rid=bbf16e0d GET /uploads/b2e17f76-df6c-44bb-b572-df32f6132628.png -> 200 (9ms) user=jjj ip=0:0:0:0:0:0:0:1
2025-11-24 01:15:46.335 [http-nio-8080-exec-1] INFO  c.e.t.common.RequestLoggingFilter - rid=972e6b25 GET /uploads/0a05c21f-85f4-4a95-82c0-48b05d14f7bd.png -> 200 (8ms) user=jjj ip=0:0:0:0:0:0:0:1
